<?xml version="1.0" encoding="UTF-8"?>
<!-- Generated by org.testng.reporters.JUnitReportReporter -->
<testsuite hostname="SuhasiniShinde" failures="0" tests="1" name="bdd.testcases.AccountCreationPageTest" time="12.721" errors="0" timestamp="2024-03-29T22:36:56 IST" skipped="0">
  <testcase classname="bdd.testcases.AccountCreationPageTest" name="verifyCreateAccountPageTest" time="12.721"/>
  <system-out/>
</testsuite> <!-- bdd.testcases.AccountCreationPageTest -->
