<?xml version="1.0" encoding="UTF-8"?>
<!-- Generated by org.testng.reporters.JUnitReportReporter -->
<testsuite hostname="SuhasiniShinde" failures="0" tests="1" name="bdd.testcases.IndexPageTest" time="14.134" errors="0" timestamp="2024-03-30T20:36:18 IST" skipped="0">
  <testcase classname="bdd.testcases.IndexPageTest" name="navigatingToSearchResultPage" time="14.134"/>
  <system-out/>
</testsuite> <!-- bdd.testcases.IndexPageTest -->
