<?xml version="1.0" encoding="UTF-8"?>
<!-- Generated by org.testng.reporters.JUnitReportReporter -->
<testsuite hostname="SuhasiniShinde" failures="0" tests="1" name="bdd.testcases.ChangingCountryTest" time="22.169" errors="0" timestamp="2024-03-28T01:26:06 IST" skipped="0">
  <testcase classname="bdd.testcases.ChangingCountryTest" name="validateChangedCountry" time="22.169"/>
  <system-out/>
</testsuite> <!-- bdd.testcases.ChangingCountryTest -->
