<?xml version="1.0" encoding="UTF-8"?>
<!-- Generated by org.testng.reporters.JUnitReportReporter -->
<testsuite hostname="SuhasiniShinde" failures="0" tests="1" name="bdd.testcases.HighestAndLowestPrice" time="15.060" errors="0" timestamp="2024-03-27T12:57:51 IST" skipped="0">
  <testcase classname="bdd.testcases.HighestAndLowestPrice" name="getPriceOfItem" time="15.060"/>
  <system-out/>
</testsuite> <!-- bdd.testcases.HighestAndLowestPrice -->
