<?xml version="1.0" encoding="UTF-8"?>
<!-- Generated by org.testng.reporters.JUnitReportReporter -->
<testsuite hostname="SuhasiniShinde" failures="0" tests="1" name="bdd.utility.ReadExelFile" time="0.934" errors="0" timestamp="19 Mar 2024 05:40:26 GMT" skipped="0">
  <testcase classname="bdd.utility.ReadExelFile" name="pincodeData" time="0.934"/>
</testsuite> <!-- bdd.utility.ReadExelFile -->
