<?xml version="1.0" encoding="UTF-8"?>
<!-- Generated by org.testng.reporters.JUnitReportReporter -->
<testsuite hostname="SuhasiniShinde" failures="0" tests="13" name="utilityTestCases.ExcelTest" time="0.087" errors="0" timestamp="2024-03-20T19:57:12 IST" skipped="0">
  <testcase classname="utilityTestCases.ExcelTest" name="verifyErrorMessageIsAbsentForValidPincodes" time="0.011"/>
  <system-out/>
  <testcase classname="utilityTestCases.ExcelTest" name="verifyErrorMessageIsAbsentForValidPincodes" time="0.003"/>
  <system-out/>
  <testcase classname="utilityTestCases.ExcelTest" name="verifyErrorMessageIsAbsentForValidPincodes" time="0.008"/>
  <system-out/>
  <testcase classname="utilityTestCases.ExcelTest" name="verifyErrorMessageIsAbsentForValidPincodes" time="0.010"/>
  <system-out/>
  <testcase classname="utilityTestCases.ExcelTest" name="verifyErrorMessageIsAbsentForValidPincodes" time="0.002"/>
  <system-out/>
  <testcase classname="utilityTestCases.ExcelTest" name="verifyErrorMessageIsAbsentForValidPincodes" time="0.005"/>
  <system-out/>
  <testcase classname="utilityTestCases.ExcelTest" name="verifyErrorMessageIsAbsentForValidPincodes" time="0.003"/>
  <system-out/>
  <testcase classname="utilityTestCases.ExcelTest" name="verifyErrorMessageIsAbsentForValidPincodes" time="0.012"/>
  <system-out/>
  <testcase classname="utilityTestCases.ExcelTest" name="verifyErrorMessageIsAbsentForValidPincodes" time="0.003"/>
  <system-out/>
  <testcase classname="utilityTestCases.ExcelTest" name="verifyErrorMessageIsAbsentForValidPincodes" time="0.002"/>
  <system-out/>
  <testcase classname="utilityTestCases.ExcelTest" name="verifyErrorMessageIsAbsentForValidPincodes" time="0.005"/>
  <system-out/>
  <testcase classname="utilityTestCases.ExcelTest" name="verifyErrorMessageIsAbsentForValidPincodes" time="0.005"/>
  <system-out/>
  <testcase classname="utilityTestCases.ExcelTest" name="verifyErrorMessageIsAbsentForValidPincodes" time="0.018"/>
  <system-out/>
</testsuite> <!-- utilityTestCases.ExcelTest -->
