<?xml version="1.0" encoding="UTF-8"?>
<!-- Generated by org.testng.reporters.JUnitReportReporter -->
<testsuite hostname="SuhasiniShinde" failures="0" tests="1" name="bdd.testcases.SearchResultPageTest" time="12.538" errors="0" timestamp="2024-03-25T12:54:33 IST" skipped="0">
  <testcase classname="bdd.testcases.SearchResultPageTest" name="productSearchTest" time="12.538"/>
  <system-out/>
</testsuite> <!-- bdd.testcases.SearchResultPageTest -->
