<?xml version="1.0" encoding="UTF-8"?>
<!-- Generated by org.testng.reporters.JUnitReportReporter -->
<testsuite hostname="SuhasiniShinde" failures="0" tests="1" name="bdd.testcases.HighestAndLowestPriceTest" time="21.770" errors="0" timestamp="2024-03-30T13:36:31 IST" skipped="0">
  <testcase classname="bdd.testcases.HighestAndLowestPriceTest" name="checkPrice" time="21.770"/>
  <system-out/>
</testsuite> <!-- bdd.testcases.HighestAndLowestPriceTest -->
