<?xml version="1.0" encoding="UTF-8"?>
<!-- Generated by org.testng.reporters.JUnitReportReporter -->
<testsuite hostname="SuhasiniShinde" failures="0" tests="1" name="bdd.testcases.ScreenshotTest" time="22.624" errors="0" timestamp="2024-03-20T23:45:17 IST" skipped="0">
  <testcase classname="bdd.testcases.ScreenshotTest" name="takeScreenShot" time="22.624"/>
  <system-out/>
</testsuite> <!-- bdd.testcases.ScreenshotTest -->
