<?xml version="1.0" encoding="UTF-8"?>
<!-- Generated by org.testng.reporters.JUnitReportReporter -->
<testsuite hostname="SuhasiniShinde" failures="0" tests="1" name="bdd.testcases.SearchResultPageTest" time="18.956" errors="0" timestamp="2024-03-29T22:28:39 IST" skipped="0">
  <testcase classname="bdd.testcases.SearchResultPageTest" name="checkSearchedProductInNewWindow" time="18.956"/>
  <system-out/>
</testsuite> <!-- bdd.testcases.SearchResultPageTest -->
