<?xml version="1.0" encoding="UTF-8"?>
<!-- Generated by org.testng.reporters.JUnitReportReporter -->
<testsuite hostname="SuhasiniShinde" failures="0" tests="1" name="bdd.testcases.ProductDetailPageTest" time="19.800" errors="0" timestamp="2024-03-29T22:17:14 IST" skipped="0">
  <testcase classname="bdd.testcases.ProductDetailPageTest" name="checkQuantity" time="19.800"/>
  <system-out/>
</testsuite> <!-- bdd.testcases.ProductDetailPageTest -->
