<?xml version="1.0" encoding="UTF-8"?>
<!-- Generated by org.testng.reporters.JUnitReportReporter -->
<testsuite hostname="SuhasiniShinde" failures="0" tests="1" name="bdd.testcases.IndexPageTest" time="9.136" errors="0" timestamp="2024-03-29T22:32:53 IST" skipped="0">
  <testcase classname="bdd.testcases.IndexPageTest" name="verifyLogo" time="9.136"/>
  <system-out/>
</testsuite> <!-- bdd.testcases.IndexPageTest -->
