<?xml version="1.0" encoding="UTF-8"?>
<!-- Generated by org.testng.reporters.JUnitReportReporter -->
<testsuite hostname="SuhasiniShinde" failures="0" tests="1" name="bdd.testcases.SearchResultPageTest" time="18.597" errors="0" timestamp="2024-03-20T20:12:00 IST" skipped="0">
  <testcase classname="bdd.testcases.SearchResultPageTest" name="productSearchTest" time="18.597"/>
  <system-out/>
</testsuite> <!-- bdd.testcases.SearchResultPageTest -->
