<?xml version="1.0" encoding="UTF-8"?>
<!-- Generated by org.testng.reporters.JUnitReportReporter -->
<testsuite hostname="SuhasiniShinde" failures="0" tests="1" name="bdd.testcases.AccountCreationPageTest" time="9.334" errors="0" timestamp="15 Mar 2024 09:35:44 GMT" skipped="0">
  <testcase classname="bdd.testcases.AccountCreationPageTest" name="verifyCreateAccountPageTest" time="9.334"/>
</testsuite> <!-- bdd.testcases.AccountCreationPageTest -->
