<?xml version="1.0" encoding="UTF-8"?>
<!-- Generated by org.testng.reporters.JUnitReportReporter -->
<testsuite hostname="SuhasiniShinde" failures="0" tests="1" name="bdd.testcases.LocalizationTest" time="18.810" errors="0" timestamp="2024-03-29T22:21:04 IST" skipped="0">
  <testcase classname="bdd.testcases.LocalizationTest" name="validateChangedCountry" time="18.810"/>
  <system-out/>
</testsuite> <!-- bdd.testcases.LocalizationTest -->
