<?xml version="1.0" encoding="UTF-8"?>
<!-- Generated by org.testng.reporters.JUnitReportReporter -->
<testsuite hostname="SuhasiniShinde" failures="0" tests="2" name="utilityTestCases.ExcelTest" time="0.007" errors="0" timestamp="2024-03-30T18:19:20 IST" skipped="0">
  <testcase classname="utilityTestCases.ExcelTest" name="verifyErrorMessageIsAbsentForValidPincodes" time="0.003"/>
  <system-out/>
  <testcase classname="utilityTestCases.ExcelTest" name="verifyErrorMessageIsAbsentForValidPincodes" time="0.004"/>
  <system-out/>
</testsuite> <!-- utilityTestCases.ExcelTest -->
