<?xml version="1.0" encoding="UTF-8"?>
<!-- Generated by org.testng.reporters.JUnitReportReporter -->
<testsuite hostname="SuhasiniShinde" failures="0" tests="1" name="bdd.testcases.SearchResultPageTest" time="8.639" errors="0" timestamp="17 Mar 2024 06:54:44 GMT" skipped="0">
  <testcase classname="bdd.testcases.SearchResultPageTest" name="productSearchTest" time="8.639"/>
</testsuite> <!-- bdd.testcases.SearchResultPageTest -->
