<?xml version="1.0" encoding="UTF-8"?>
<!-- Generated by org.testng.reporters.JUnitReportReporter -->
<testsuite hostname="SuhasiniShinde" failures="0" tests="1" name="bdd.testcases.AccountCreationPageTest" time="17.876" errors="0" timestamp="2024-03-30T18:19:20 IST" skipped="0">
  <testcase classname="bdd.testcases.AccountCreationPageTest" name="verifyCreateAccountPageTest" time="17.876"/>
  <system-out/>
</testsuite> <!-- bdd.testcases.AccountCreationPageTest -->
